<?xml version="1.0" encoding="UTF-8"?>
<testsuite xmlns:xsi="http://www.w3.org/2001/XMLSchema-instance" xsi:noNamespaceSchemaLocation="https://maven.apache.org/surefire/maven-surefire-plugin/xsd/surefire-test-report.xsd" name="io.spring.billsetuptask.BillSetupTaskApplicationTests" time="2.02" tests="1" errors="0" skipped="0" failures="0">
  <properties>
    <property name="java.specification.version" value="14"/>
    <property name="sun.jnu.encoding" value="UTF-8"/>
    <property name="java.class.path" value="/Users/kimchowon/IdeaProjects/spring-cloud-data-flow/batchsamples/billsetuptask/target/test-classes:/Users/kimchowon/IdeaProjects/spring-cloud-data-flow/batchsamples/billsetuptask/target/classes:/Users/kimchowon/.m2/repository/org/springframework/boot/spring-boot-starter-jdbc/2.2.2.RELEASE/spring-boot-starter-jdbc-2.2.2.RELEASE.jar:/Users/kimchowon/.m2/repository/org/springframework/boot/spring-boot-starter/2.2.2.RELEASE/spring-boot-starter-2.2.2.RELEASE.jar:/Users/kimchowon/.m2/repository/org/springframework/boot/spring-boot/2.2.2.RELEASE/spring-boot-2.2.2.RELEASE.jar:/Users/kimchowon/.m2/repository/org/springframework/spring-context/5.2.2.RELEASE/spring-context-5.2.2.RELEASE.jar:/Users/kimchowon/.m2/repository/org/springframework/spring-aop/5.2.2.RELEASE/spring-aop-5.2.2.RELEASE.jar:/Users/kimchowon/.m2/repository/org/springframework/spring-expression/5.2.2.RELEASE/spring-expression-5.2.2.RELEASE.jar:/Users/kimchowon/.m2/repository/org/springframework/boot/spring-boot-autoconfigure/2.2.2.RELEASE/spring-boot-autoconfigure-2.2.2.RELEASE.jar:/Users/kimchowon/.m2/repository/org/springframework/boot/spring-boot-starter-logging/2.2.2.RELEASE/spring-boot-starter-logging-2.2.2.RELEASE.jar:/Users/kimchowon/.m2/repository/ch/qos/logback/logback-classic/1.2.3/logback-classic-1.2.3.jar:/Users/kimchowon/.m2/repository/ch/qos/logback/logback-core/1.2.3/logback-core-1.2.3.jar:/Users/kimchowon/.m2/repository/org/apache/logging/log4j/log4j-to-slf4j/2.12.1/log4j-to-slf4j-2.12.1.jar:/Users/kimchowon/.m2/repository/org/apache/logging/log4j/log4j-api/2.12.1/log4j-api-2.12.1.jar:/Users/kimchowon/.m2/repository/org/slf4j/jul-to-slf4j/1.7.29/jul-to-slf4j-1.7.29.jar:/Users/kimchowon/.m2/repository/jakarta/annotation/jakarta.annotation-api/1.3.5/jakarta.annotation-api-1.3.5.jar:/Users/kimchowon/.m2/repository/org/yaml/snakeyaml/1.25/snakeyaml-1.25.jar:/Users/kimchowon/.m2/repository/com/zaxxer/HikariCP/3.4.1/HikariCP-3.4.1.jar:/Users/kimchowon/.m2/repository/org/slf4j/slf4j-api/1.7.29/slf4j-api-1.7.29.jar:/Users/kimchowon/.m2/repository/org/springframework/spring-jdbc/5.2.2.RELEASE/spring-jdbc-5.2.2.RELEASE.jar:/Users/kimchowon/.m2/repository/org/springframework/spring-beans/5.2.2.RELEASE/spring-beans-5.2.2.RELEASE.jar:/Users/kimchowon/.m2/repository/org/springframework/spring-tx/5.2.2.RELEASE/spring-tx-5.2.2.RELEASE.jar:/Users/kimchowon/.m2/repository/org/springframework/cloud/spring-cloud-starter-task/2.1.1.RELEASE/spring-cloud-starter-task-2.1.1.RELEASE.jar:/Users/kimchowon/.m2/repository/org/springframework/cloud/spring-cloud-task-core/2.1.1.RELEASE/spring-cloud-task-core-2.1.1.RELEASE.jar:/Users/kimchowon/.m2/repository/org/springframework/cloud/spring-cloud-deployer-autoconfigure/2.0.0.RELEASE/spring-cloud-deployer-autoconfigure-2.0.0.RELEASE.jar:/Users/kimchowon/.m2/repository/org/springframework/cloud/spring-cloud-deployer-resource-support/2.0.0.RELEASE/spring-cloud-deployer-resource-support-2.0.0.RELEASE.jar:/Users/kimchowon/.m2/repository/org/springframework/batch/spring-batch-infrastructure/4.2.1.RELEASE/spring-batch-infrastructure-4.2.1.RELEASE.jar:/Users/kimchowon/.m2/repository/org/springframework/retry/spring-retry/1.2.4.RELEASE/spring-retry-1.2.4.RELEASE.jar:/Users/kimchowon/.m2/repository/org/springframework/data/spring-data-commons/2.2.3.RELEASE/spring-data-commons-2.2.3.RELEASE.jar:/Users/kimchowon/.m2/repository/org/springframework/cloud/spring-cloud-task-batch/2.1.1.RELEASE/spring-cloud-task-batch-2.1.1.RELEASE.jar:/Users/kimchowon/.m2/repository/org/springframework/cloud/spring-cloud-task-stream/2.1.1.RELEASE/spring-cloud-task-stream-2.1.1.RELEASE.jar:/Users/kimchowon/.m2/repository/org/springframework/cloud/spring-cloud-deployer-spi/2.0.0.RELEASE/spring-cloud-deployer-spi-2.0.0.RELEASE.jar:/Users/kimchowon/.m2/repository/com/h2database/h2/1.4.200/h2-1.4.200.jar:/Users/kimchowon/.m2/repository/org/mariadb/jdbc/mariadb-java-client/2.4.4/mariadb-java-client-2.4.4.jar:/Users/kimchowon/.m2/repository/mysql/mysql-connector-java/8.0.18/mysql-connector-java-8.0.18.jar:/Users/kimchowon/.m2/repository/org/postgresql/postgresql/42.2.8/postgresql-42.2.8.jar:/Users/kimchowon/.m2/repository/org/springframework/boot/spring-boot-starter-test/2.2.2.RELEASE/spring-boot-starter-test-2.2.2.RELEASE.jar:/Users/kimchowon/.m2/repository/org/springframework/boot/spring-boot-test/2.2.2.RELEASE/spring-boot-test-2.2.2.RELEASE.jar:/Users/kimchowon/.m2/repository/org/springframework/boot/spring-boot-test-autoconfigure/2.2.2.RELEASE/spring-boot-test-autoconfigure-2.2.2.RELEASE.jar:/Users/kimchowon/.m2/repository/com/jayway/jsonpath/json-path/2.4.0/json-path-2.4.0.jar:/Users/kimchowon/.m2/repository/net/minidev/json-smart/2.3/json-smart-2.3.jar:/Users/kimchowon/.m2/repository/net/minidev/accessors-smart/1.2/accessors-smart-1.2.jar:/Users/kimchowon/.m2/repository/org/ow2/asm/asm/5.0.4/asm-5.0.4.jar:/Users/kimchowon/.m2/repository/jakarta/xml/bind/jakarta.xml.bind-api/2.3.2/jakarta.xml.bind-api-2.3.2.jar:/Users/kimchowon/.m2/repository/jakarta/activation/jakarta.activation-api/1.2.1/jakarta.activation-api-1.2.1.jar:/Users/kimchowon/.m2/repository/org/junit/jupiter/junit-jupiter/5.5.2/junit-jupiter-5.5.2.jar:/Users/kimchowon/.m2/repository/org/junit/jupiter/junit-jupiter-api/5.5.2/junit-jupiter-api-5.5.2.jar:/Users/kimchowon/.m2/repository/org/apiguardian/apiguardian-api/1.1.0/apiguardian-api-1.1.0.jar:/Users/kimchowon/.m2/repository/org/opentest4j/opentest4j/1.2.0/opentest4j-1.2.0.jar:/Users/kimchowon/.m2/repository/org/junit/platform/junit-platform-commons/1.5.2/junit-platform-commons-1.5.2.jar:/Users/kimchowon/.m2/repository/org/junit/jupiter/junit-jupiter-params/5.5.2/junit-jupiter-params-5.5.2.jar:/Users/kimchowon/.m2/repository/org/junit/jupiter/junit-jupiter-engine/5.5.2/junit-jupiter-engine-5.5.2.jar:/Users/kimchowon/.m2/repository/org/junit/platform/junit-platform-engine/1.5.2/junit-platform-engine-1.5.2.jar:/Users/kimchowon/.m2/repository/org/mockito/mockito-junit-jupiter/3.1.0/mockito-junit-jupiter-3.1.0.jar:/Users/kimchowon/.m2/repository/org/assertj/assertj-core/3.13.2/assertj-core-3.13.2.jar:/Users/kimchowon/.m2/repository/org/hamcrest/hamcrest/2.1/hamcrest-2.1.jar:/Users/kimchowon/.m2/repository/org/mockito/mockito-core/3.1.0/mockito-core-3.1.0.jar:/Users/kimchowon/.m2/repository/net/bytebuddy/byte-buddy/1.10.4/byte-buddy-1.10.4.jar:/Users/kimchowon/.m2/repository/net/bytebuddy/byte-buddy-agent/1.10.4/byte-buddy-agent-1.10.4.jar:/Users/kimchowon/.m2/repository/org/objenesis/objenesis/2.6/objenesis-2.6.jar:/Users/kimchowon/.m2/repository/org/skyscreamer/jsonassert/1.5.0/jsonassert-1.5.0.jar:/Users/kimchowon/.m2/repository/com/vaadin/external/google/android-json/0.0.20131108.vaadin1/android-json-0.0.20131108.vaadin1.jar:/Users/kimchowon/.m2/repository/org/springframework/spring-core/5.2.2.RELEASE/spring-core-5.2.2.RELEASE.jar:/Users/kimchowon/.m2/repository/org/springframework/spring-jcl/5.2.2.RELEASE/spring-jcl-5.2.2.RELEASE.jar:/Users/kimchowon/.m2/repository/org/springframework/spring-test/5.2.2.RELEASE/spring-test-5.2.2.RELEASE.jar:/Users/kimchowon/.m2/repository/org/xmlunit/xmlunit-core/2.6.3/xmlunit-core-2.6.3.jar:/Users/kimchowon/.m2/repository/com/fasterxml/jackson/core/jackson-databind/2.10.1/jackson-databind-2.10.1.jar:/Users/kimchowon/.m2/repository/com/fasterxml/jackson/core/jackson-annotations/2.10.1/jackson-annotations-2.10.1.jar:/Users/kimchowon/.m2/repository/com/fasterxml/jackson/core/jackson-core/2.10.1/jackson-core-2.10.1.jar:"/>
    <property name="java.vm.vendor" value="Oracle Corporation"/>
    <property name="sun.arch.data.model" value="64"/>
    <property name="java.vendor.url" value="https://java.oracle.com/"/>
    <property name="os.name" value="Mac OS X"/>
    <property name="java.vm.specification.version" value="14"/>
    <property name="sun.java.launcher" value="SUN_STANDARD"/>
    <property name="user.country" value="KR"/>
    <property name="sun.boot.library.path" value="/Library/Java/JavaVirtualMachines/jdk-14.0.1.jdk/Contents/Home/lib"/>
    <property name="sun.java.command" value="/Users/kimchowon/IdeaProjects/spring-cloud-data-flow/batchsamples/billsetuptask/target/surefire/surefirebooter11562833232445206837.jar /Users/kimchowon/IdeaProjects/spring-cloud-data-flow/batchsamples/billsetuptask/target/surefire 2021-08-21T17-38-08_548-jvmRun1 surefire3903838035028796436tmp surefire_19751653360514831325tmp"/>
    <property name="jdk.debug" value="release"/>
    <property name="surefire.test.class.path" value="/Users/kimchowon/IdeaProjects/spring-cloud-data-flow/batchsamples/billsetuptask/target/test-classes:/Users/kimchowon/IdeaProjects/spring-cloud-data-flow/batchsamples/billsetuptask/target/classes:/Users/kimchowon/.m2/repository/org/springframework/boot/spring-boot-starter-jdbc/2.2.2.RELEASE/spring-boot-starter-jdbc-2.2.2.RELEASE.jar:/Users/kimchowon/.m2/repository/org/springframework/boot/spring-boot-starter/2.2.2.RELEASE/spring-boot-starter-2.2.2.RELEASE.jar:/Users/kimchowon/.m2/repository/org/springframework/boot/spring-boot/2.2.2.RELEASE/spring-boot-2.2.2.RELEASE.jar:/Users/kimchowon/.m2/repository/org/springframework/spring-context/5.2.2.RELEASE/spring-context-5.2.2.RELEASE.jar:/Users/kimchowon/.m2/repository/org/springframework/spring-aop/5.2.2.RELEASE/spring-aop-5.2.2.RELEASE.jar:/Users/kimchowon/.m2/repository/org/springframework/spring-expression/5.2.2.RELEASE/spring-expression-5.2.2.RELEASE.jar:/Users/kimchowon/.m2/repository/org/springframework/boot/spring-boot-autoconfigure/2.2.2.RELEASE/spring-boot-autoconfigure-2.2.2.RELEASE.jar:/Users/kimchowon/.m2/repository/org/springframework/boot/spring-boot-starter-logging/2.2.2.RELEASE/spring-boot-starter-logging-2.2.2.RELEASE.jar:/Users/kimchowon/.m2/repository/ch/qos/logback/logback-classic/1.2.3/logback-classic-1.2.3.jar:/Users/kimchowon/.m2/repository/ch/qos/logback/logback-core/1.2.3/logback-core-1.2.3.jar:/Users/kimchowon/.m2/repository/org/apache/logging/log4j/log4j-to-slf4j/2.12.1/log4j-to-slf4j-2.12.1.jar:/Users/kimchowon/.m2/repository/org/apache/logging/log4j/log4j-api/2.12.1/log4j-api-2.12.1.jar:/Users/kimchowon/.m2/repository/org/slf4j/jul-to-slf4j/1.7.29/jul-to-slf4j-1.7.29.jar:/Users/kimchowon/.m2/repository/jakarta/annotation/jakarta.annotation-api/1.3.5/jakarta.annotation-api-1.3.5.jar:/Users/kimchowon/.m2/repository/org/yaml/snakeyaml/1.25/snakeyaml-1.25.jar:/Users/kimchowon/.m2/repository/com/zaxxer/HikariCP/3.4.1/HikariCP-3.4.1.jar:/Users/kimchowon/.m2/repository/org/slf4j/slf4j-api/1.7.29/slf4j-api-1.7.29.jar:/Users/kimchowon/.m2/repository/org/springframework/spring-jdbc/5.2.2.RELEASE/spring-jdbc-5.2.2.RELEASE.jar:/Users/kimchowon/.m2/repository/org/springframework/spring-beans/5.2.2.RELEASE/spring-beans-5.2.2.RELEASE.jar:/Users/kimchowon/.m2/repository/org/springframework/spring-tx/5.2.2.RELEASE/spring-tx-5.2.2.RELEASE.jar:/Users/kimchowon/.m2/repository/org/springframework/cloud/spring-cloud-starter-task/2.1.1.RELEASE/spring-cloud-starter-task-2.1.1.RELEASE.jar:/Users/kimchowon/.m2/repository/org/springframework/cloud/spring-cloud-task-core/2.1.1.RELEASE/spring-cloud-task-core-2.1.1.RELEASE.jar:/Users/kimchowon/.m2/repository/org/springframework/cloud/spring-cloud-deployer-autoconfigure/2.0.0.RELEASE/spring-cloud-deployer-autoconfigure-2.0.0.RELEASE.jar:/Users/kimchowon/.m2/repository/org/springframework/cloud/spring-cloud-deployer-resource-support/2.0.0.RELEASE/spring-cloud-deployer-resource-support-2.0.0.RELEASE.jar:/Users/kimchowon/.m2/repository/org/springframework/batch/spring-batch-infrastructure/4.2.1.RELEASE/spring-batch-infrastructure-4.2.1.RELEASE.jar:/Users/kimchowon/.m2/repository/org/springframework/retry/spring-retry/1.2.4.RELEASE/spring-retry-1.2.4.RELEASE.jar:/Users/kimchowon/.m2/repository/org/springframework/data/spring-data-commons/2.2.3.RELEASE/spring-data-commons-2.2.3.RELEASE.jar:/Users/kimchowon/.m2/repository/org/springframework/cloud/spring-cloud-task-batch/2.1.1.RELEASE/spring-cloud-task-batch-2.1.1.RELEASE.jar:/Users/kimchowon/.m2/repository/org/springframework/cloud/spring-cloud-task-stream/2.1.1.RELEASE/spring-cloud-task-stream-2.1.1.RELEASE.jar:/Users/kimchowon/.m2/repository/org/springframework/cloud/spring-cloud-deployer-spi/2.0.0.RELEASE/spring-cloud-deployer-spi-2.0.0.RELEASE.jar:/Users/kimchowon/.m2/repository/com/h2database/h2/1.4.200/h2-1.4.200.jar:/Users/kimchowon/.m2/repository/org/mariadb/jdbc/mariadb-java-client/2.4.4/mariadb-java-client-2.4.4.jar:/Users/kimchowon/.m2/repository/mysql/mysql-connector-java/8.0.18/mysql-connector-java-8.0.18.jar:/Users/kimchowon/.m2/repository/org/postgresql/postgresql/42.2.8/postgresql-42.2.8.jar:/Users/kimchowon/.m2/repository/org/springframework/boot/spring-boot-starter-test/2.2.2.RELEASE/spring-boot-starter-test-2.2.2.RELEASE.jar:/Users/kimchowon/.m2/repository/org/springframework/boot/spring-boot-test/2.2.2.RELEASE/spring-boot-test-2.2.2.RELEASE.jar:/Users/kimchowon/.m2/repository/org/springframework/boot/spring-boot-test-autoconfigure/2.2.2.RELEASE/spring-boot-test-autoconfigure-2.2.2.RELEASE.jar:/Users/kimchowon/.m2/repository/com/jayway/jsonpath/json-path/2.4.0/json-path-2.4.0.jar:/Users/kimchowon/.m2/repository/net/minidev/json-smart/2.3/json-smart-2.3.jar:/Users/kimchowon/.m2/repository/net/minidev/accessors-smart/1.2/accessors-smart-1.2.jar:/Users/kimchowon/.m2/repository/org/ow2/asm/asm/5.0.4/asm-5.0.4.jar:/Users/kimchowon/.m2/repository/jakarta/xml/bind/jakarta.xml.bind-api/2.3.2/jakarta.xml.bind-api-2.3.2.jar:/Users/kimchowon/.m2/repository/jakarta/activation/jakarta.activation-api/1.2.1/jakarta.activation-api-1.2.1.jar:/Users/kimchowon/.m2/repository/org/junit/jupiter/junit-jupiter/5.5.2/junit-jupiter-5.5.2.jar:/Users/kimchowon/.m2/repository/org/junit/jupiter/junit-jupiter-api/5.5.2/junit-jupiter-api-5.5.2.jar:/Users/kimchowon/.m2/repository/org/apiguardian/apiguardian-api/1.1.0/apiguardian-api-1.1.0.jar:/Users/kimchowon/.m2/repository/org/opentest4j/opentest4j/1.2.0/opentest4j-1.2.0.jar:/Users/kimchowon/.m2/repository/org/junit/platform/junit-platform-commons/1.5.2/junit-platform-commons-1.5.2.jar:/Users/kimchowon/.m2/repository/org/junit/jupiter/junit-jupiter-params/5.5.2/junit-jupiter-params-5.5.2.jar:/Users/kimchowon/.m2/repository/org/junit/jupiter/junit-jupiter-engine/5.5.2/junit-jupiter-engine-5.5.2.jar:/Users/kimchowon/.m2/repository/org/junit/platform/junit-platform-engine/1.5.2/junit-platform-engine-1.5.2.jar:/Users/kimchowon/.m2/repository/org/mockito/mockito-junit-jupiter/3.1.0/mockito-junit-jupiter-3.1.0.jar:/Users/kimchowon/.m2/repository/org/assertj/assertj-core/3.13.2/assertj-core-3.13.2.jar:/Users/kimchowon/.m2/repository/org/hamcrest/hamcrest/2.1/hamcrest-2.1.jar:/Users/kimchowon/.m2/repository/org/mockito/mockito-core/3.1.0/mockito-core-3.1.0.jar:/Users/kimchowon/.m2/repository/net/bytebuddy/byte-buddy/1.10.4/byte-buddy-1.10.4.jar:/Users/kimchowon/.m2/repository/net/bytebuddy/byte-buddy-agent/1.10.4/byte-buddy-agent-1.10.4.jar:/Users/kimchowon/.m2/repository/org/objenesis/objenesis/2.6/objenesis-2.6.jar:/Users/kimchowon/.m2/repository/org/skyscreamer/jsonassert/1.5.0/jsonassert-1.5.0.jar:/Users/kimchowon/.m2/repository/com/vaadin/external/google/android-json/0.0.20131108.vaadin1/android-json-0.0.20131108.vaadin1.jar:/Users/kimchowon/.m2/repository/org/springframework/spring-core/5.2.2.RELEASE/spring-core-5.2.2.RELEASE.jar:/Users/kimchowon/.m2/repository/org/springframework/spring-jcl/5.2.2.RELEASE/spring-jcl-5.2.2.RELEASE.jar:/Users/kimchowon/.m2/repository/org/springframework/spring-test/5.2.2.RELEASE/spring-test-5.2.2.RELEASE.jar:/Users/kimchowon/.m2/repository/org/xmlunit/xmlunit-core/2.6.3/xmlunit-core-2.6.3.jar:/Users/kimchowon/.m2/repository/com/fasterxml/jackson/core/jackson-databind/2.10.1/jackson-databind-2.10.1.jar:/Users/kimchowon/.m2/repository/com/fasterxml/jackson/core/jackson-annotations/2.10.1/jackson-annotations-2.10.1.jar:/Users/kimchowon/.m2/repository/com/fasterxml/jackson/core/jackson-core/2.10.1/jackson-core-2.10.1.jar:"/>
    <property name="sun.cpu.endian" value="little"/>
    <property name="user.home" value="/Users/kimchowon"/>
    <property name="user.language" value="ko"/>
    <property name="java.specification.vendor" value="Oracle Corporation"/>
    <property name="java.version.date" value="2020-04-14"/>
    <property name="java.home" value="/Library/Java/JavaVirtualMachines/jdk-14.0.1.jdk/Contents/Home"/>
    <property name="file.separator" value="/"/>
    <property name="basedir" value="/Users/kimchowon/IdeaProjects/spring-cloud-data-flow/batchsamples/billsetuptask"/>
    <property name="java.vm.compressedOopsMode" value="Zero based"/>
    <property name="line.separator" value="&#10;"/>
    <property name="java.vm.specification.vendor" value="Oracle Corporation"/>
    <property name="java.specification.name" value="Java Platform API Specification"/>
    <property name="surefire.real.class.path" value="/Users/kimchowon/IdeaProjects/spring-cloud-data-flow/batchsamples/billsetuptask/target/surefire/surefirebooter11562833232445206837.jar"/>
    <property name="sun.management.compiler" value="HotSpot 64-Bit Tiered Compilers"/>
    <property name="java.runtime.version" value="14.0.1+7"/>
    <property name="user.name" value="kimchowon"/>
    <property name="path.separator" value=":"/>
    <property name="os.version" value="10.15.5"/>
    <property name="java.runtime.name" value="Java(TM) SE Runtime Environment"/>
    <property name="file.encoding" value="UTF-8"/>
    <property name="java.vm.name" value="Java HotSpot(TM) 64-Bit Server VM"/>
    <property name="localRepository" value="/Users/kimchowon/.m2/repository"/>
    <property name="java.vendor.url.bug" value="https://bugreport.java.com/bugreport/"/>
    <property name="java.io.tmpdir" value="/var/folders/sy/7kkmkq950kbggdyrspzj_kfh0000gn/T/"/>
    <property name="java.version" value="14.0.1"/>
    <property name="user.dir" value="/Users/kimchowon/IdeaProjects/spring-cloud-data-flow/batchsamples/billsetuptask"/>
    <property name="os.arch" value="x86_64"/>
    <property name="java.vm.specification.name" value="Java Virtual Machine Specification"/>
    <property name="java.library.path" value="/Users/kimchowon/Library/Java/Extensions:/Library/Java/Extensions:/Network/Library/Java/Extensions:/System/Library/Java/Extensions:/usr/lib/java:."/>
    <property name="java.vm.info" value="mixed mode, sharing"/>
    <property name="java.vendor" value="Oracle Corporation"/>
    <property name="java.vm.version" value="14.0.1+7"/>
    <property name="sun.io.unicode.encoding" value="UnicodeBig"/>
    <property name="java.class.version" value="58.0"/>
  </properties>
  <testcase name="testRepository" classname="io.spring.billsetuptask.BillSetupTaskApplicationTests" time="0.367"/>
</testsuite>